2013/07/08 17:50:21 [error] [exception.CException] exception 'CException' with message 'CAssetManager.basePath "/home/khoa/workspace/autopost/assets" is invalid. Please make sure the directory exists and is writable by the Web server process.' in /home/khoa/workspace/autopost/framework/yii/framework/web/CAssetManager.php:112
Stack trace:
#0 /home/khoa/workspace/autopost/framework/yii/framework/web/CAssetManager.php(97): CAssetManager->setBasePath('/home/khoa/work...')
#1 /home/khoa/workspace/autopost/framework/yii/framework/web/CAssetManager.php(176): CAssetManager->getBasePath()
#2 /home/khoa/workspace/autopost/protected/modules/base/worklets/WBaseInit.php(108): CAssetManager->publish('/home/khoa/work...')
#3 [internal function]: WBaseInit->taskRegisterScripts()
#4 /home/khoa/workspace/autopost/framework/uniprogy/framework/worklets/UWorklet.php(91): call_user_func_array(Array, Array)
#5 /home/khoa/workspace/autopost/protected/modules/base/worklets/WBaseInit.php(30): UWorklet->__call('registerScripts', Array)
#6 /home/khoa/workspace/autopost/protected/modules/base/worklets/WBaseInit.php(30): WBaseInit->registerScripts()
#7 [internal function]: WBaseInit->taskConfig()
#8 /home/khoa/workspace/autopost/framework/uniprogy/framework/worklets/UWorklet.php(91): call_user_func_array(Array, Array)
#9 /home/khoa/workspace/autopost/protected/modules/base/worklets/WBaseInit.php(20): UWorklet->__call('config', Array)
#10 /home/khoa/workspace/autopost/protected/modules/base/worklets/WBaseInit.php(20): WBaseInit->config()
#11 [internal function]: WBaseInit->taskBuild()
#12 /home/khoa/workspace/autopost/framework/uniprogy/framework/worklets/UWorklet.php(91): call_user_func_array(Array, Array)
#13 /home/khoa/workspace/autopost/framework/uniprogy/framework/yii/web/actions/UAction.php(28): UWorklet->__call('build', Array)
#14 /home/khoa/workspace/autopost/framework/uniprogy/framework/yii/web/actions/UAction.php(28): WBaseInit->build()
#15 /home/khoa/workspace/autopost/framework/yii/framework/web/actions/CAction.php(72): UAction->run()
#16 /home/khoa/workspace/autopost/framework/yii/framework/web/CController.php(300): CAction->runWithParams(Array)
#17 /home/khoa/workspace/autopost/framework/yii/framework/web/filters/CFilterChain.php(134): CController->runAction(Object(UAction))
#18 /home/khoa/workspace/autopost/framework/yii/framework/web/filters/CFilter.php(41): CFilterChain->run()
#19 /home/khoa/workspace/autopost/framework/yii/framework/web/filters/CFilterChain.php(131): CFilter->filter(Object(CFilterChain))
#20 /home/khoa/workspace/autopost/framework/yii/framework/web/CController.php(283): CFilterChain->run()
#21 /home/khoa/workspace/autopost/framework/yii/framework/web/CController.php(257): CController->runActionWithFilters(Object(UAction), Array)
#22 /home/khoa/workspace/autopost/framework/yii/framework/web/CWebApplication.php(277): CController->run('')
#23 /home/khoa/workspace/autopost/framework/yii/framework/web/CWebApplication.php(136): CWebApplication->runController('')
#24 /home/khoa/workspace/autopost/framework/yii/framework/base/CApplication.php(158): CWebApplication->processRequest()
#25 /home/khoa/workspace/autopost/index.php(12): CApplication->run()
#26 {main} REQUEST_URI=/
2013/07/08 17:50:22 [error] [exception.CException] exception 'CException' with message 'CAssetManager.basePath "/home/khoa/workspace/autopost/assets" is invalid. Please make sure the directory exists and is writable by the Web server process.' in /home/khoa/workspace/autopost/framework/yii/framework/web/CAssetManager.php:112
Stack trace:
#0 /home/khoa/workspace/autopost/framework/yii/framework/web/CAssetManager.php(97): CAssetManager->setBasePath('/home/khoa/work...')
#1 /home/khoa/workspace/autopost/framework/yii/framework/web/CAssetManager.php(176): CAssetManager->getBasePath()
#2 /home/khoa/workspace/autopost/protected/modules/base/worklets/WBaseInit.php(108): CAssetManager->publish('/home/khoa/work...')
#3 [internal function]: WBaseInit->taskRegisterScripts()
#4 /home/khoa/workspace/autopost/framework/uniprogy/framework/worklets/UWorklet.php(91): call_user_func_array(Array, Array)
#5 /home/khoa/workspace/autopost/protected/modules/base/worklets/WBaseInit.php(30): UWorklet->__call('registerScripts', Array)
#6 /home/khoa/workspace/autopost/protected/modules/base/worklets/WBaseInit.php(30): WBaseInit->registerScripts()
#7 [internal function]: WBaseInit->taskConfig()
#8 /home/khoa/workspace/autopost/framework/uniprogy/framework/worklets/UWorklet.php(91): call_user_func_array(Array, Array)
#9 /home/khoa/workspace/autopost/protected/modules/base/worklets/WBaseInit.php(20): UWorklet->__call('config', Array)
#10 /home/khoa/workspace/autopost/protected/modules/base/worklets/WBaseInit.php(20): WBaseInit->config()
#11 [internal function]: WBaseInit->taskBuild()
#12 /home/khoa/workspace/autopost/framework/uniprogy/framework/worklets/UWorklet.php(91): call_user_func_array(Array, Array)
#13 /home/khoa/workspace/autopost/framework/uniprogy/framework/yii/web/actions/UAction.php(28): UWorklet->__call('build', Array)
#14 /home/khoa/workspace/autopost/framework/uniprogy/framework/yii/web/actions/UAction.php(28): WBaseInit->build()
#15 /home/khoa/workspace/autopost/framework/yii/framework/web/actions/CAction.php(72): UAction->run()
#16 /home/khoa/workspace/autopost/framework/yii/framework/web/CController.php(300): CAction->runWithParams(Array)
#17 /home/khoa/workspace/autopost/framework/yii/framework/web/filters/CFilterChain.php(134): CController->runAction(Object(UAction))
#18 /home/khoa/workspace/autopost/framework/yii/framework/web/filters/CFilter.php(41): CFilterChain->run()
#19 /home/khoa/workspace/autopost/framework/yii/framework/web/filters/CFilterChain.php(131): CFilter->filter(Object(CFilterChain))
#20 /home/khoa/workspace/autopost/framework/yii/framework/web/CController.php(283): CFilterChain->run()
#21 /home/khoa/workspace/autopost/framework/yii/framework/web/CController.php(257): CController->runActionWithFilters(Object(UAction), Array)
#22 /home/khoa/workspace/autopost/framework/yii/framework/web/CWebApplication.php(277): CController->run('')
#23 /home/khoa/workspace/autopost/framework/yii/framework/web/CWebApplication.php(136): CWebApplication->runController('')
#24 /home/khoa/workspace/autopost/framework/yii/framework/base/CApplication.php(158): CWebApplication->processRequest()
#25 /home/khoa/workspace/autopost/index.php(12): CApplication->run()
#26 {main} REQUEST_URI=/
2013/07/08 17:51:00 [error] [exception.CHttpException.404] exception 'CHttpException' with message 'Unable to resolve the request "site/error".' in /home/khoa/workspace/autopost/framework/yii/framework/web/CWebApplication.php:281
Stack trace:
#0 /home/khoa/workspace/autopost/framework/yii/framework/web/CWebApplication.php(136): CWebApplication->runController('site/error')
#1 /home/khoa/workspace/autopost/framework/yii/framework/base/CApplication.php(158): CWebApplication->processRequest()
#2 /home/khoa/workspace/autopost/index.php(12): CApplication->run()
#3 {main} REQUEST_URI=/site/error
2013/07/08 17:52:19 [error] [exception.CHttpException.404] exception 'CHttpException' with message 'The requested view "index" was not found.' in /home/khoa/workspace/autopost/framework/yii/framework/web/actions/CViewAction.php:110
Stack trace:
#0 /home/khoa/workspace/autopost/framework/uniprogy/framework/yii/web/actions/UViewAction.php(27): CViewAction->resolveView('index')
#1 /home/khoa/workspace/autopost/protected/modules/base/worklets/WBasePage.php(18): UViewAction->run()
#2 [internal function]: WBasePage->taskRenderOutput()
#3 /home/khoa/workspace/autopost/framework/uniprogy/framework/worklets/UWorklet.php(91): call_user_func_array(Array, Array)
#4 /home/khoa/workspace/autopost/framework/uniprogy/framework/worklets/UWidgetWorklet.php(65): UWorklet->__call('renderOutput', Array)
#5 /home/khoa/workspace/autopost/framework/uniprogy/framework/worklets/UWidgetWorklet.php(65): WBasePage->renderOutput()
#6 /home/khoa/workspace/autopost/protected/modules/base/worklets/WBaseInit.php(139): UWidgetWorklet->run()
#7 [internal function]: WBaseInit->taskRecordClips()
#8 /home/khoa/workspace/autopost/framework/uniprogy/framework/worklets/UWorklet.php(91): call_user_func_array(Array, Array)
#9 /home/khoa/workspace/autopost/protected/modules/base/worklets/WBaseInit.php(49): UWorklet->__call('recordClips', Array)
#10 /home/khoa/workspace/autopost/protected/modules/base/worklets/WBaseInit.php(49): WBaseInit->recordClips()
#11 [internal function]: WBaseInit->taskRenderPage()
#12 /home/khoa/workspace/autopost/framework/uniprogy/framework/worklets/UWorklet.php(91): call_user_func_array(Array, Array)
#13 /home/khoa/workspace/autopost/protected/modules/base/worklets/WBaseInit.php(22): UWorklet->__call('renderPage', Array)
#14 /home/khoa/workspace/autopost/protected/modules/base/worklets/WBaseInit.php(22): WBaseInit->renderPage()
#15 [internal function]: WBaseInit->taskBuild()
#16 /home/khoa/workspace/autopost/framework/uniprogy/framework/worklets/UWorklet.php(91): call_user_func_array(Array, Array)
#17 /home/khoa/workspace/autopost/framework/uniprogy/framework/yii/web/actions/UAction.php(28): UWorklet->__call('build', Array)
#18 /home/khoa/workspace/autopost/framework/uniprogy/framework/yii/web/actions/UAction.php(28): WBaseInit->build()
#19 /home/khoa/workspace/autopost/framework/yii/framework/web/actions/CAction.php(72): UAction->run()
#20 /home/khoa/workspace/autopost/framework/yii/framework/web/CController.php(300): CAction->runWithParams(Array)
#21 /home/khoa/workspace/autopost/framework/yii/framework/web/filters/CFilterChain.php(134): CController->runAction(Object(UAction))
#22 /home/khoa/workspace/autopost/framework/yii/framework/web/filters/CFilter.php(41): CFilterChain->run()
#23 /home/khoa/workspace/autopost/framework/yii/framework/web/filters/CFilterChain.php(131): CFilter->filter(Object(CFilterChain))
#24 /home/khoa/workspace/autopost/framework/yii/framework/web/CController.php(283): CFilterChain->run()
#25 /home/khoa/workspace/autopost/framework/yii/framework/web/CController.php(257): CController->runActionWithFilters(Object(UAction), Array)
#26 /home/khoa/workspace/autopost/framework/yii/framework/web/CWebApplication.php(277): CController->run('page')
#27 /home/khoa/workspace/autopost/framework/yii/framework/web/CWebApplication.php(136): CWebApplication->runController('base/page')
#28 /home/khoa/workspace/autopost/framework/yii/framework/base/CApplication.php(158): CWebApplication->processRequest()
#29 /home/khoa/workspace/autopost/index.php(12): CApplication->run()
#30 {main} REQUEST_URI=/base/page
2013/07/08 17:52:38 [error] [exception.CHttpException.404] exception 'CHttpException' with message 'Unable to resolve the request "user/login".' in /home/khoa/workspace/autopost/framework/yii/framework/web/CWebApplication.php:281
Stack trace:
#0 /home/khoa/workspace/autopost/framework/yii/framework/web/CWebApplication.php(136): CWebApplication->runController('user/login')
#1 /home/khoa/workspace/autopost/framework/yii/framework/base/CApplication.php(158): CWebApplication->processRequest()
#2 /home/khoa/workspace/autopost/index.php(12): CApplication->run()
#3 {main} REQUEST_URI=/user/login
